4
1 0 0 1 2 Recv -1 0 0_0:1:2:3: { 1 } { [ 1 0 ] } Match: 1 0 File: 7 good2.c 25
1 0 1 8 4 Recv -1 0 0_0:1:2:3: { 2 } { [ 2 0 ] } Match: 2 0 File: 7 good2.c 25
1 0 2 9 6 Recv -1 0 0_0:1:2:3: { 3 } { [ 3 0 ] } Match: 3 0 File: 7 good2.c 25
1 0 3 10 7 Barrier 0_0:1:2:3: { 4 } { [ 1 1 ] [ 2 1 ] [ 3 1 ] } Match: -1 -1 File: 7 good2.c 28
1 0 4 11 12 Recv 1 0 0_0:1:2:3: { 5 } { [ 1 2 ] } Match: 1 2 File: 7 good2.c 30
1 0 5 18 14 Recv 2 0 0_0:1:2:3: { 6 } { [ 2 2 ] } Match: 2 2 File: 7 good2.c 30
1 0 6 19 16 Recv 3 0 0_0:1:2:3: { 7 } { [ 3 2 ] } Match: 3 2 File: 7 good2.c 30
1 0 7 20 17 Finalize { } { [ 1 3 ] [ 2 3 ] [ 3 3 ] } Match: -1 -1 File: 7 good2.c 45
1 1 0 2 1 Send 0 0 0_0:1:2:3: { } { } Match: 0 0 File: 7 good2.c 40
1 1 1 5 8 Barrier 0_0:1:2:3: { 2 3 } { [ 0 3 ] [ 2 1 ] [ 3 1 ] } Match: -1 -1 File: 7 good2.c 41
1 1 2 12 11 Send 0 0 0_0:1:2:3: { 3 } { [ 0 4 ] } Match: 0 4 File: 7 good2.c 42
1 1 3 15 18 Finalize { } { [ 0 7 ] [ 2 3 ] [ 3 3 ] } Match: -1 -1 File: 7 good2.c 45
1 2 0 3 3 Send 0 0 0_0:1:2:3: { } { } Match: 0 1 File: 7 good2.c 40
1 2 1 6 9 Barrier 0_0:1:2:3: { 2 3 } { [ 0 3 ] [ 1 1 ] [ 3 1 ] } Match: -1 -1 File: 7 good2.c 41
1 2 2 13 13 Send 0 0 0_0:1:2:3: { 3 } { [ 0 5 ] } Match: 0 5 File: 7 good2.c 42
1 2 3 16 19 Finalize { } { [ 0 7 ] [ 1 3 ] [ 3 3 ] } Match: -1 -1 File: 7 good2.c 45
1 3 0 4 5 Send 0 0 0_0:1:2:3: { } { } Match: 0 2 File: 7 good2.c 40
1 3 1 7 10 Barrier 0_0:1:2:3: { 2 3 } { [ 0 3 ] [ 1 1 ] [ 2 1 ] } Match: -1 -1 File: 7 good2.c 41
1 3 2 14 15 Send 0 0 0_0:1:2:3: { 3 } { [ 0 6 ] } Match: 0 6 File: 7 good2.c 42
1 3 3 17 20 Finalize { } { [ 0 7 ] [ 1 3 ] [ 2 3 ] } Match: -1 -1 File: 7 good2.c 45
2 0 0 1 22 Recv -1 0 0_0:1:2:3: { 1 } { [ 1 0 ] } Match: 1 0 File: 7 good2.c 25
2 0 1 8 24 Recv -1 0 0_0:1:2:3: { 2 } { [ 3 0 ] } Match: 3 0 File: 7 good2.c 25
2 0 2 29 26 Recv -1 0 0_0:1:2:3: { 3 } { [ 2 0 ] } Match: 2 0 File: 7 good2.c 25
2 0 3 30 27 Barrier 0_0:1:2:3: { 4 } { [ 1 1 ] [ 2 1 ] [ 3 1 ] } Match: -1 -1 File: 7 good2.c 28
2 0 4 31 32 Recv 1 0 0_0:1:2:3: { 5 } { [ 1 2 ] } Match: 1 2 File: 7 good2.c 30
2 0 5 38 34 Recv 3 0 0_0:1:2:3: { 6 } { [ 3 2 ] } Match: 3 2 File: 7 good2.c 30
2 0 6 39 36 Recv 2 0 0_0:1:2:3: { 7 } { [ 2 2 ] } Match: 2 2 File: 7 good2.c 30
2 0 7 40 37 Finalize { } { [ 1 3 ] [ 2 3 ] [ 3 3 ] } Match: -1 -1 File: 7 good2.c 45
2 1 0 2 21 Send 0 0 0_0:1:2:3: { } { } Match: 0 0 File: 7 good2.c 40
2 1 1 5 28 Barrier 0_0:1:2:3: { 2 3 } { [ 0 3 ] [ 2 1 ] [ 3 1 ] } Match: -1 -1 File: 7 good2.c 41
2 1 2 32 31 Send 0 0 0_0:1:2:3: { 3 } { [ 0 4 ] } Match: 0 4 File: 7 good2.c 42
2 1 3 35 38 Finalize { } { [ 0 7 ] [ 2 3 ] [ 3 3 ] } Match: -1 -1 File: 7 good2.c 45
2 2 0 3 25 Send 0 0 0_0:1:2:3: { } { } Match: 0 2 File: 7 good2.c 40
2 2 1 6 29 Barrier 0_0:1:2:3: { 2 3 } { [ 0 3 ] [ 1 1 ] [ 3 1 ] } Match: -1 -1 File: 7 good2.c 41
2 2 2 33 35 Send 0 0 0_0:1:2:3: { 3 } { [ 0 6 ] } Match: 0 6 File: 7 good2.c 42
2 2 3 36 39 Finalize { } { [ 0 7 ] [ 1 3 ] [ 3 3 ] } Match: -1 -1 File: 7 good2.c 45
2 3 0 4 23 Send 0 0 0_0:1:2:3: { } { } Match: 0 1 File: 7 good2.c 40
2 3 1 7 30 Barrier 0_0:1:2:3: { 2 3 } { [ 0 3 ] [ 1 1 ] [ 2 1 ] } Match: -1 -1 File: 7 good2.c 41
2 3 2 34 33 Send 0 0 0_0:1:2:3: { 3 } { [ 0 5 ] } Match: 0 5 File: 7 good2.c 42
2 3 3 37 40 Finalize { } { [ 0 7 ] [ 1 3 ] [ 2 3 ] } Match: -1 -1 File: 7 good2.c 45
3 0 0 1 42 Recv -1 0 0_0:1:2:3: { 1 } { [ 2 0 ] } Match: 2 0 File: 7 good2.c 25
3 0 1 48 44 Recv -1 0 0_0:1:2:3: { 2 } { [ 1 0 ] } Match: 1 0 File: 7 good2.c 25
3 0 2 49 46 Recv -1 0 0_0:1:2:3: { 3 } { [ 3 0 ] } Match: 3 0 File: 7 good2.c 25
3 0 3 50 47 Barrier 0_0:1:2:3: { 4 } { [ 1 1 ] [ 2 1 ] [ 3 1 ] } Match: -1 -1 File: 7 good2.c 28
3 0 4 51 52 Recv 2 0 0_0:1:2:3: { 5 } { [ 2 2 ] } Match: 2 2 File: 7 good2.c 30
3 0 5 58 54 Recv 1 0 0_0:1:2:3: { 6 } { [ 1 2 ] } Match: 1 2 File: 7 good2.c 30
3 0 6 59 56 Recv 3 0 0_0:1:2:3: { 7 } { [ 3 2 ] } Match: 3 2 File: 7 good2.c 30
3 0 7 60 57 Finalize { } { [ 1 3 ] [ 2 3 ] [ 3 3 ] } Match: -1 -1 File: 7 good2.c 45
3 1 0 2 43 Send 0 0 0_0:1:2:3: { } { } Match: 0 1 File: 7 good2.c 40
3 1 1 5 48 Barrier 0_0:1:2:3: { 2 3 } { [ 0 3 ] [ 2 1 ] [ 3 1 ] } Match: -1 -1 File: 7 good2.c 41
3 1 2 52 53 Send 0 0 0_0:1:2:3: { 3 } { [ 0 5 ] } Match: 0 5 File: 7 good2.c 42
3 1 3 55 58 Finalize { } { [ 0 7 ] [ 2 3 ] [ 3 3 ] } Match: -1 -1 File: 7 good2.c 45
3 2 0 3 41 Send 0 0 0_0:1:2:3: { } { } Match: 0 0 File: 7 good2.c 40
3 2 1 6 49 Barrier 0_0:1:2:3: { 2 3 } { [ 0 3 ] [ 1 1 ] [ 3 1 ] } Match: -1 -1 File: 7 good2.c 41
3 2 2 53 51 Send 0 0 0_0:1:2:3: { 3 } { [ 0 4 ] } Match: 0 4 File: 7 good2.c 42
3 2 3 56 59 Finalize { } { [ 0 7 ] [ 1 3 ] [ 3 3 ] } Match: -1 -1 File: 7 good2.c 45
3 3 0 4 45 Send 0 0 0_0:1:2:3: { } { } Match: 0 2 File: 7 good2.c 40
3 3 1 7 50 Barrier 0_0:1:2:3: { 2 3 } { [ 0 3 ] [ 1 1 ] [ 2 1 ] } Match: -1 -1 File: 7 good2.c 41
3 3 2 54 55 Send 0 0 0_0:1:2:3: { 3 } { [ 0 6 ] } Match: 0 6 File: 7 good2.c 42
3 3 3 57 60 Finalize { } { [ 0 7 ] [ 1 3 ] [ 2 3 ] } Match: -1 -1 File: 7 good2.c 45
4 0 0 1 62 Recv -1 0 0_0:1:2:3: { 1 } { [ 2 0 ] } Match: 2 0 File: 7 good2.c 25
4 0 1 48 64 Recv -1 0 0_0:1:2:3: { 2 } { [ 3 0 ] } Match: 3 0 File: 7 good2.c 25
4 0 2 69 66 Recv -1 0 0_0:1:2:3: { 3 } { [ 1 0 ] } Match: 1 0 File: 7 good2.c 25
4 0 3 70 67 Barrier 0_0:1:2:3: { 4 } { [ 1 1 ] [ 2 1 ] [ 3 1 ] } Match: -1 -1 File: 7 good2.c 28
4 0 4 71 72 Recv 2 0 0_0:1:2:3: { 5 } { [ 2 2 ] } Match: 2 2 File: 7 good2.c 30
4 0 5 78 74 Recv 3 0 0_0:1:2:3: { 6 } { [ 3 2 ] } Match: 3 2 File: 7 good2.c 30
4 0 6 79 76 Recv 1 0 0_0:1:2:3: { 7 } { [ 1 2 ] } Match: 1 2 File: 7 good2.c 30
4 0 7 80 77 Finalize { } { [ 1 3 ] [ 2 3 ] [ 3 3 ] } Match: -1 -1 File: 7 good2.c 45
4 1 0 2 65 Send 0 0 0_0:1:2:3: { } { } Match: 0 2 File: 7 good2.c 40
4 1 1 5 68 Barrier 0_0:1:2:3: { 2 3 } { [ 0 3 ] [ 2 1 ] [ 3 1 ] } Match: -1 -1 File: 7 good2.c 41
4 1 2 72 75 Send 0 0 0_0:1:2:3: { 3 } { [ 0 6 ] } Match: 0 6 File: 7 good2.c 42
4 1 3 75 78 Finalize { } { [ 0 7 ] [ 2 3 ] [ 3 3 ] } Match: -1 -1 File: 7 good2.c 45
4 2 0 3 61 Send 0 0 0_0:1:2:3: { } { } Match: 0 0 File: 7 good2.c 40
4 2 1 6 69 Barrier 0_0:1:2:3: { 2 3 } { [ 0 3 ] [ 1 1 ] [ 3 1 ] } Match: -1 -1 File: 7 good2.c 41
4 2 2 73 71 Send 0 0 0_0:1:2:3: { 3 } { [ 0 4 ] } Match: 0 4 File: 7 good2.c 42
4 2 3 76 79 Finalize { } { [ 0 7 ] [ 1 3 ] [ 3 3 ] } Match: -1 -1 File: 7 good2.c 45
4 3 0 4 63 Send 0 0 0_0:1:2:3: { } { } Match: 0 1 File: 7 good2.c 40
4 3 1 7 70 Barrier 0_0:1:2:3: { 2 3 } { [ 0 3 ] [ 1 1 ] [ 2 1 ] } Match: -1 -1 File: 7 good2.c 41
4 3 2 74 73 Send 0 0 0_0:1:2:3: { 3 } { [ 0 5 ] } Match: 0 5 File: 7 good2.c 42
4 3 3 77 80 Finalize { } { [ 0 7 ] [ 1 3 ] [ 2 3 ] } Match: -1 -1 File: 7 good2.c 45
5 0 0 1 82 Recv -1 0 0_0:1:2:3: { 1 } { [ 3 0 ] } Match: 3 0 File: 7 good2.c 25
5 0 1 88 84 Recv -1 0 0_0:1:2:3: { 2 } { [ 1 0 ] } Match: 1 0 File: 7 good2.c 25
5 0 2 89 86 Recv -1 0 0_0:1:2:3: { 3 } { [ 2 0 ] } Match: 2 0 File: 7 good2.c 25
5 0 3 90 87 Barrier 0_0:1:2:3: { 4 } { [ 1 1 ] [ 2 1 ] [ 3 1 ] } Match: -1 -1 File: 7 good2.c 28
5 0 4 91 92 Recv 3 0 0_0:1:2:3: { 5 } { [ 3 2 ] } Match: 3 2 File: 7 good2.c 30
5 0 5 98 94 Recv 1 0 0_0:1:2:3: { 6 } { [ 1 2 ] } Match: 1 2 File: 7 good2.c 30
5 0 6 99 96 Recv 2 0 0_0:1:2:3: { 7 } { [ 2 2 ] } Match: 2 2 File: 7 good2.c 30
5 0 7 100 97 Finalize { } { [ 1 3 ] [ 2 3 ] [ 3 3 ] } Match: -1 -1 File: 7 good2.c 45
5 1 0 2 83 Send 0 0 0_0:1:2:3: { } { } Match: 0 1 File: 7 good2.c 40
5 1 1 5 88 Barrier 0_0:1:2:3: { 2 3 } { [ 0 3 ] [ 2 1 ] [ 3 1 ] } Match: -1 -1 File: 7 good2.c 41
5 1 2 92 93 Send 0 0 0_0:1:2:3: { 3 } { [ 0 5 ] } Match: 0 5 File: 7 good2.c 42
5 1 3 95 98 Finalize { } { [ 0 7 ] [ 2 3 ] [ 3 3 ] } Match: -1 -1 File: 7 good2.c 45
5 2 0 3 85 Send 0 0 0_0:1:2:3: { } { } Match: 0 2 File: 7 good2.c 40
5 2 1 6 89 Barrier 0_0:1:2:3: { 2 3 } { [ 0 3 ] [ 1 1 ] [ 3 1 ] } Match: -1 -1 File: 7 good2.c 41
5 2 2 93 95 Send 0 0 0_0:1:2:3: { 3 } { [ 0 6 ] } Match: 0 6 File: 7 good2.c 42
5 2 3 96 99 Finalize { } { [ 0 7 ] [ 1 3 ] [ 3 3 ] } Match: -1 -1 File: 7 good2.c 45
5 3 0 4 81 Send 0 0 0_0:1:2:3: { } { } Match: 0 0 File: 7 good2.c 40
5 3 1 7 90 Barrier 0_0:1:2:3: { 2 3 } { [ 0 3 ] [ 1 1 ] [ 2 1 ] } Match: -1 -1 File: 7 good2.c 41
5 3 2 94 91 Send 0 0 0_0:1:2:3: { 3 } { [ 0 4 ] } Match: 0 4 File: 7 good2.c 42
5 3 3 97 100 Finalize { } { [ 0 7 ] [ 1 3 ] [ 2 3 ] } Match: -1 -1 File: 7 good2.c 45
6 0 0 1 102 Recv -1 0 0_0:1:2:3: { 1 } { [ 3 0 ] } Match: 3 0 File: 7 good2.c 25
6 0 1 88 104 Recv -1 0 0_0:1:2:3: { 2 } { [ 2 0 ] } Match: 2 0 File: 7 good2.c 25
6 0 2 109 106 Recv -1 0 0_0:1:2:3: { 3 } { [ 1 0 ] } Match: 1 0 File: 7 good2.c 25
6 0 3 110 107 Barrier 0_0:1:2:3: { 4 } { [ 1 1 ] [ 2 1 ] [ 3 1 ] } Match: -1 -1 File: 7 good2.c 28
6 0 4 111 112 Recv 3 0 0_0:1:2:3: { 5 } { [ 3 2 ] } Match: 3 2 File: 7 good2.c 30
6 0 5 118 114 Recv 2 0 0_0:1:2:3: { 6 } { [ 2 2 ] } Match: 2 2 File: 7 good2.c 30
6 0 6 119 116 Recv 1 0 0_0:1:2:3: { 7 } { [ 1 2 ] } Match: 1 2 File: 7 good2.c 30
6 0 7 120 117 Finalize { } { [ 1 3 ] [ 2 3 ] [ 3 3 ] } Match: -1 -1 File: 7 good2.c 45
6 1 0 2 105 Send 0 0 0_0:1:2:3: { } { } Match: 0 2 File: 7 good2.c 40
6 1 1 5 108 Barrier 0_0:1:2:3: { 2 3 } { [ 0 3 ] [ 2 1 ] [ 3 1 ] } Match: -1 -1 File: 7 good2.c 41
6 1 2 112 115 Send 0 0 0_0:1:2:3: { 3 } { [ 0 6 ] } Match: 0 6 File: 7 good2.c 42
6 1 3 115 118 Finalize { } { [ 0 7 ] [ 2 3 ] [ 3 3 ] } Match: -1 -1 File: 7 good2.c 45
6 2 0 3 103 Send 0 0 0_0:1:2:3: { } { } Match: 0 1 File: 7 good2.c 40
6 2 1 6 109 Barrier 0_0:1:2:3: { 2 3 } { [ 0 3 ] [ 1 1 ] [ 3 1 ] } Match: -1 -1 File: 7 good2.c 41
6 2 2 113 113 Send 0 0 0_0:1:2:3: { 3 } { [ 0 5 ] } Match: 0 5 File: 7 good2.c 42
6 2 3 116 119 Finalize { } { [ 0 7 ] [ 1 3 ] [ 3 3 ] } Match: -1 -1 File: 7 good2.c 45
6 3 0 4 101 Send 0 0 0_0:1:2:3: { } { } Match: 0 0 File: 7 good2.c 40
6 3 1 7 110 Barrier 0_0:1:2:3: { 2 3 } { [ 0 3 ] [ 1 1 ] [ 2 1 ] } Match: -1 -1 File: 7 good2.c 41
6 3 2 114 111 Send 0 0 0_0:1:2:3: { 3 } { [ 0 4 ] } Match: 0 4 File: 7 good2.c 42
6 3 3 117 120 Finalize { } { [ 0 7 ] [ 1 3 ] [ 2 3 ] } Match: -1 -1 File: 7 good2.c 45
